[2022-07-13T03:22:10.740Z] Log level: Info
[2022-07-13T03:22:10.742Z] [info] Validating found git in: git
[2022-07-13T03:22:10.762Z] [info] Using git 2.37.1 from git
[2022-07-13T03:22:10.781Z] > git rev-parse --show-toplevel [4ms]
[2022-07-13T03:22:10.781Z] fatal: not a git repository (or any of the parent directories): .git
[2022-07-13T03:22:40.630Z] > git rev-parse --show-toplevel [38ms]
[2022-07-13T03:22:40.630Z] fatal: not a git repository (or any of the parent directories): .git
[2022-07-13T03:22:47.251Z] > git rev-parse --show-toplevel [2ms]
[2022-07-13T03:22:47.252Z] fatal: not a git repository (or any of the parent directories): .git
[2022-07-13T03:23:00.092Z] > git rev-parse --show-toplevel [32ms]
[2022-07-13T03:23:00.092Z] fatal: not a git repository (or any of the parent directories): .git
[2022-07-13T03:23:02.052Z] > git rev-parse --show-toplevel [33ms]
[2022-07-13T03:23:02.053Z] fatal: not a git repository (or any of the parent directories): .git
[2022-07-13T03:23:25.656Z] > git rev-parse --show-toplevel [2ms]
[2022-07-13T03:23:25.656Z] fatal: not a git repository (or any of the parent directories): .git
[2022-07-13T03:23:28.425Z] > git rev-parse --show-toplevel [2ms]
[2022-07-13T03:23:28.425Z] fatal: not a git repository (or any of the parent directories): .git
[2022-07-13T03:23:29.213Z] > git rev-parse --show-toplevel [2ms]
[2022-07-13T03:23:29.213Z] fatal: not a git repository (or any of the parent directories): .git
[2022-07-13T03:23:29.502Z] > git rev-parse --show-toplevel [3ms]
[2022-07-13T03:23:29.502Z] fatal: not a git repository (or any of the parent directories): .git
[2022-07-13T03:23:30.700Z] > git rev-parse --show-toplevel [3ms]
[2022-07-13T03:23:30.700Z] fatal: not a git repository (or any of the parent directories): .git
[2022-07-13T03:23:31.980Z] > git rev-parse --show-toplevel [3ms]
[2022-07-13T03:23:31.980Z] fatal: not a git repository (or any of the parent directories): .git
