[2022-07-13 00:21:03.505] [renderer1] [error] [Extension Host] (node:6115) [DEP0005] DeprecationWarning: Buffer() is deprecated due to security and usability issues. Please use the Buffer.alloc(), Buffer.allocUnsafe(), or Buffer.from() methods instead.
(Use `electron --trace-deprecation ...` to show where the warning was created)
[2022-07-13 00:39:07.159] [renderer1] [error] [Extension Host] fatal: not a git repository: '/home/guilherme/.cargo/registry/index/github.com-1ecc6299db9ec823/.git'
[2022-07-13 00:39:07.161] [renderer1] [error] [Extension Host] Error: Command failed: git --no-pager --git-dir="/home/guilherme/.cargo/registry/index/github.com-1ecc6299db9ec823/.git" branch --all
fatal: not a git repository: '/home/guilherme/.cargo/registry/index/github.com-1ecc6299db9ec823/.git'

	at checkExecSyncError (node:child_process:835:11)
	at execSync (node:child_process:909:15)
	at node:electron/js2c/asar_bundle:5:12704
	at V (/home/guilherme/.vscode-oss/extensions/serayuzgur.crates-0.5.10/dist/extension.js:211:117568)
	at /home/guilherme/.vscode-oss/extensions/serayuzgur.crates-0.5.10/dist/extension.js:211:121094
	at ne (/home/guilherme/.vscode-oss/extensions/serayuzgur.crates-0.5.10/dist/extension.js:211:121114)
	at /home/guilherme/.vscode-oss/extensions/serayuzgur.crates-0.5.10/dist/extension.js:211:123460
	at Generator.next (<anonymous>)
	at /home/guilherme/.vscode-oss/extensions/serayuzgur.crates-0.5.10/dist/extension.js:211:122209
	at new Promise (<anonymous>)
	at pe (/home/guilherme/.vscode-oss/extensions/serayuzgur.crates-0.5.10/dist/extension.js:211:121954)
	at /home/guilherme/.vscode-oss/extensions/serayuzgur.crates-0.5.10/dist/extension.js:211:123072
	at /home/guilherme/.vscode-oss/extensions/serayuzgur.crates-0.5.10/dist/extension.js:211:123592
	at Generator.next (<anonymous>)
	at /home/guilherme/.vscode-oss/extensions/serayuzgur.crates-0.5.10/dist/extension.js:211:122209
	at new Promise (<anonymous>)
	at pe (/home/guilherme/.vscode-oss/extensions/serayuzgur.crates-0.5.10/dist/extension.js:211:121954)
	at he (/home/guilherme/.vscode-oss/extensions/serayuzgur.crates-0.5.10/dist/extension.js:211:122878)
	at w.invoke (/usr/lib/code/out/vs/workbench/api/node/extensionHostProcess.js:61:145)
	at v.deliver (/usr/lib/code/out/vs/workbench/api/node/extensionHostProcess.js:61:2266)
	at p.fire (/usr/lib/code/out/vs/workbench/api/node/extensionHostProcess.js:61:1844)
	at /usr/lib/code/out/vs/workbench/api/node/extensionHostProcess.js:87:175709
	at w.invoke (/usr/lib/code/out/vs/workbench/api/node/extensionHostProcess.js:61:145)
	at v.deliver (/usr/lib/code/out/vs/workbench/api/node/extensionHostProcess.js:61:2266)
	at p.fire (/usr/lib/code/out/vs/workbench/api/node/extensionHostProcess.js:61:1844)
	at v.acceptDocumentsAndEditorsDelta (/usr/lib/code/out/vs/workbench/api/node/extensionHostProcess.js:87:15798)
	at v.$acceptDocumentsAndEditorsDelta (/usr/lib/code/out/vs/workbench/api/node/extensionHostProcess.js:87:13887)
	at s._doInvokeHandler (/usr/lib/code/out/vs/workbench/api/node/extensionHostProcess.js:95:13708)
	at s._invokeHandler (/usr/lib/code/out/vs/workbench/api/node/extensionHostProcess.js:95:13390)
	at s._receiveRequest (/usr/lib/code/out/vs/workbench/api/node/extensionHostProcess.js:95:12159)
	at s._receiveOneMessage (/usr/lib/code/out/vs/workbench/api/node/extensionHostProcess.js:95:10853)
	at /usr/lib/code/out/vs/workbench/api/node/extensionHostProcess.js:95:8957
	at w.invoke (/usr/lib/code/out/vs/workbench/api/node/extensionHostProcess.js:61:145)
	at v.deliver (/usr/lib/code/out/vs/workbench/api/node/extensionHostProcess.js:61:2266)
	at p.fire (/usr/lib/code/out/vs/workbench/api/node/extensionHostProcess.js:61:1844)
	at a.fire (/usr/lib/code/out/vs/workbench/api/node/extensionHostProcess.js:69:18976)
	at /usr/lib/code/out/vs/workbench/api/node/extensionHostProcess.js:111:34679
	at w.invoke (/usr/lib/code/out/vs/workbench/api/node/extensionHostProcess.js:61:145)
	at v.deliver (/usr/lib/code/out/vs/workbench/api/node/extensionHostProcess.js:61:2266)
	at p.fire (/usr/lib/code/out/vs/workbench/api/node/extensionHostProcess.js:61:1844)
	at a.fire (/usr/lib/code/out/vs/workbench/api/node/extensionHostProcess.js:69:18976)
	at r._receiveMessage (/usr/lib/code/out/vs/workbench/api/node/extensionHostProcess.js:69:23563)
	at /usr/lib/code/out/vs/workbench/api/node/extensionHostProcess.js:69:21097
	at w.invoke (/usr/lib/code/out/vs/workbench/api/node/extensionHostProcess.js:61:145)
	at v.deliver (/usr/lib/code/out/vs/workbench/api/node/extensionHostProcess.js:61:2266)
	at p.fire (/usr/lib/code/out/vs/workbench/api/node/extensionHostProcess.js:61:1844)
	at p.acceptChunk (/usr/lib/code/out/vs/workbench/api/node/extensionHostProcess.js:69:15807)
	at /usr/lib/code/out/vs/workbench/api/node/extensionHostProcess.js:69:14937
	at Socket.R (/usr/lib/code/out/vs/workbench/api/node/extensionHostProcess.js:111:13763)
	at Socket.emit (node:events:390:28)
	at addChunk (node:internal/streams/readable:315:12)
	at readableAddChunk (node:internal/streams/readable:289:9)
	at Socket.Readable.push (node:internal/streams/readable:228:10)
	at Pipe.onStreamRead (node:internal/stream_base_commons:199:23)
