[2022-07-13T03:38:47.461Z] Log level: Info
[2022-07-13T03:38:47.463Z] [info] Validating found git in: git
[2022-07-13T03:38:47.528Z] [info] Using git 2.37.1 from git
[2022-07-13T03:38:47.627Z] > git rev-parse --show-toplevel [22ms]
[2022-07-13T03:38:47.642Z] > git rev-parse --git-dir --git-common-dir [1ms]
[2022-07-13T03:38:47.651Z] [info] Open repository: /home/guilherme/projects/hello_cargo
[2022-07-13T03:38:47.676Z] > git status -z -uall [13ms]
[2022-07-13T03:38:47.685Z] > git symbolic-ref --short HEAD [2ms]
[2022-07-13T03:38:47.707Z] > git for-each-ref --format=%(refname)%00%(upstream:short)%00%(objectname)%00%(upstream:track)%00%(upstream:remotename)%00%(upstream:remoteref) refs/heads/master refs/remotes/master [4ms]
[2022-07-13T03:38:47.732Z] > git for-each-ref --sort -committerdate --format %(refname) %(objectname) %(*objectname) [14ms]
[2022-07-13T03:38:47.735Z] > git remote --verbose [5ms]
[2022-07-13T03:38:47.774Z] > git config --get commit.template [22ms]
[2022-07-13T03:38:47.787Z] > git status -z -uall [1ms]
[2022-07-13T03:38:47.809Z] > git symbolic-ref --short HEAD [9ms]
[2022-07-13T03:38:47.822Z] > git for-each-ref --format=%(refname)%00%(upstream:short)%00%(objectname)%00%(upstream:track)%00%(upstream:remotename)%00%(upstream:remoteref) refs/heads/master refs/remotes/master [2ms]
[2022-07-13T03:38:47.848Z] > git for-each-ref --sort -committerdate --format %(refname) %(objectname) %(*objectname) [18ms]
[2022-07-13T03:38:47.848Z] > git remote --verbose [3ms]
[2022-07-13T03:38:47.859Z] > git config --get commit.template [1ms]
[2022-07-13T03:38:48.213Z] > git check-ignore -v -z --stdin [2ms]
[2022-07-13T03:38:49.088Z] > git show --textconv :src/main.rs [20ms]
[2022-07-13T03:38:49.091Z] > git ls-files --stage -- /home/guilherme/projects/hello_cargo/src/main.rs [4ms]
[2022-07-13T03:39:07.372Z] > git show --textconv :Cargo.toml [49ms]
[2022-07-13T03:39:07.372Z] > git ls-files --stage -- /home/guilherme/projects/hello_cargo/Cargo.toml [39ms]
[2022-07-13T03:41:37.425Z] > git show --textconv :src/main.rs [8ms]
[2022-07-13T03:41:37.426Z] > git ls-files --stage -- /home/guilherme/projects/hello_cargo/src/main.rs [2ms]
[2022-07-13T03:53:00.763Z] > git status -z -uall [30ms]
[2022-07-13T03:53:00.825Z] > git symbolic-ref --short HEAD [21ms]
[2022-07-13T03:53:00.884Z] > git for-each-ref --format=%(refname)%00%(upstream:short)%00%(objectname)%00%(upstream:track)%00%(upstream:remotename)%00%(upstream:remoteref) refs/heads/master refs/remotes/master [17ms]
[2022-07-13T03:53:00.959Z] > git for-each-ref --sort -committerdate --format %(refname) %(objectname) %(*objectname) [42ms]
[2022-07-13T03:53:00.962Z] > git remote --verbose [5ms]
[2022-07-13T03:53:01.021Z] > git config --get commit.template [8ms]
[2022-07-13T03:53:03.799Z] > git check-ignore -v -z --stdin [7ms]
[2022-07-13T03:53:06.060Z] > git status -z -uall [8ms]
[2022-07-13T03:53:06.099Z] > git symbolic-ref --short HEAD [7ms]
[2022-07-13T03:53:06.141Z] > git for-each-ref --format=%(refname)%00%(upstream:short)%00%(objectname)%00%(upstream:track)%00%(upstream:remotename)%00%(upstream:remoteref) refs/heads/master refs/remotes/master [9ms]
[2022-07-13T03:53:06.181Z] > git remote --verbose [2ms]
[2022-07-13T03:53:06.181Z] > git for-each-ref --sort -committerdate --format %(refname) %(objectname) %(*objectname) [21ms]
[2022-07-13T03:53:06.213Z] > git config --get commit.template [6ms]
