INFO [13/07/2022, 12:38:48 am]: Extension version: 0.2.853
INFO [13/07/2022, 12:38:49 am]: Using configuration {
  cargoRunner: null,
  runnableEnv: null,
  inlayHints: {
    enable: true,
    smallerHints: true,
    chainingHints: true,
    maxLength: 25,
    parameterHints: true,
    typeHints: true,
    hideNamedConstructorHints: false
  },
  updates: { channel: 'stable', askBeforeDownload: false },
  server: { path: null, extraEnv: null },
  trace: { server: 'off', extension: false },
  debug: {
    engine: 'auto',
    sourceFileMap: {
      '/rustc/<id>': '${env:USERPROFILE}/.rustup/toolchains/<toolchain-id>/lib/rustlib/src/rust'
    },
    openDebugPane: false,
    engineSettings: {}
  },
  assist: {
    importGranularity: 'crate',
    importEnforceGranularity: false,
    importPrefix: 'plain',
    importGroup: true,
    allowMergingIntoGlobImports: true
  },
  cache: { warmup: true },
  callInfo: { full: true },
  cargo: {
    autoreload: true,
    allFeatures: false,
    unsetTest: [ 'core' ],
    features: [],
    runBuildScripts: true,
    useRustcWrapperForBuildScripts: true,
    noDefaultFeatures: false,
    target: null,
    noSysroot: false
  },
  checkOnSave: {
    enable: true,
    allFeatures: null,
    allTargets: true,
    command: 'check',
    noDefaultFeatures: null,
    target: null,
    extraArgs: [],
    features: null,
    overrideCommand: null
  },
  completion: {
    addCallArgumentSnippets: true,
    addCallParenthesis: true,
    snippets: {},
    postfix: { enable: true },
    autoimport: { enable: true },
    autoself: { enable: true }
  },
  diagnostics: {
    enable: true,
    enableExperimental: true,
    disabled: [],
    remapPrefix: {},
    warningsAsHint: [],
    warningsAsInfo: []
  },
  experimental: { procAttrMacros: true },
  files: { watcher: 'client', excludeDirs: [] },
  highlightRelated: {
    references: true,
    exitPoints: true,
    breakPoints: true,
    yieldPoints: true
  },
  highlighting: { strings: true },
  hover: { documentation: true, linksInHover: true },
  hoverActions: {
    debug: true,
    enable: true,
    gotoTypeDef: true,
    implementations: true,
    references: false,
    run: true
  },
  joinLines: {
    joinElseIf: true,
    removeTrailingComma: true,
    unwrapTrivialBlock: true,
    joinAssignments: true
  },
  lens: {
    debug: true,
    enable: true,
    implementations: true,
    run: true,
    methodReferences: false,
    references: false,
    enumVariantReferences: false,
    forceCustomCommands: true
  },
  linkedProjects: [],
  lruCapacity: null,
  notifications: { cargoTomlNotFound: true },
  procMacro: { enable: true, server: null },
  runnables: { overrideCargo: null, cargoExtraArgs: [] },
  rustcSource: null,
  rustfmt: {
    extraArgs: [],
    overrideCommand: null,
    enableRangeFormatting: false
  },
  workspace: { symbol: { search: { scope: 'workspace', kind: 'only_types' } } }
}
INFO [13/07/2022, 12:38:49 am]: PersistentState: {
  lastCheck: undefined,
  nightlyReleaseId: undefined,
  serverVersion: '0.2.853'
}
INFO [13/07/2022, 12:38:49 am]: Using server binary at /home/guilherme/.config/Code - OSS/User/globalStorage/matklad.rust-analyzer/rust-analyzer-x86_64-unknown-linux-gnu
WARN [13/07/2022, 12:38:49 am]: /home/guilherme/.config/Code - OSS/User/globalStorage/matklad.rust-analyzer/rust-analyzer-x86_64-unknown-linux-gnu --version: {
  error: [Error: spawnSync /home/guilherme/.config/Code - OSS/User/globalStorage/matklad.rust-analyzer/rust-analyzer-x86_64-unknown-linux-gnu EACCES
  	at Object.spawnSync (node:internal/child_process:1083:20)
  	at spawnSync (node:child_process:821:24)
  	at Yy (/home/guilherme/.vscode-oss/extensions/matklad.rust-analyzer-0.2.853/out/main.js:61:4063)
  	at L0 (/home/guilherme/.vscode-oss/extensions/matklad.rust-analyzer-0.2.853/out/main.js:109:3680)
  	at processTicksAndRejections (node:internal/process/task_queues:96:5)
  	at async F0 (/home/guilherme/.vscode-oss/extensions/matklad.rust-analyzer-0.2.853/out/main.js:109:1881)
  	at async O0 (/home/guilherme/.vscode-oss/extensions/matklad.rust-analyzer-0.2.853/out/main.js:108:3977)
  	at async lC (/home/guilherme/.vscode-oss/extensions/matklad.rust-analyzer-0.2.853/out/main.js:108:3808)
  	at async b._activate (/usr/lib/code/out/vs/workbench/api/node/extensionHostProcess.js:85:8180)
  	at async b._waitForDepsThenActivate (/usr/lib/code/out/vs/workbench/api/node/extensionHostProcess.js:85:8122)
  	at async b._initialize (/usr/lib/code/out/vs/workbench/api/node/extensionHostProcess.js:85:7486)] {
    errno: -13,
    code: 'EACCES',
    syscall: 'spawnSync /home/guilherme/.config/Code - OSS/User/globalStorage/matklad.rust-analyzer/rust-analyzer-x86_64-unknown-linux-gnu',
    path: '/home/guilherme/.config/Code - OSS/User/globalStorage/matklad.rust-analyzer/rust-analyzer-x86_64-unknown-linux-gnu',
    spawnargs: [ '--version' ]
  },
  status: null,
  signal: null,
  output: null,
  pid: 0,
  stdout: null,
  stderr: null
}
ERROR [13/07/2022, 12:38:49 am]: Bootstrap error [Error: Failed to execute /home/guilherme/.config/Code - OSS/User/globalStorage/matklad.rust-analyzer/rust-analyzer-x86_64-unknown-linux-gnu --version
	at L0 (/home/guilherme/.vscode-oss/extensions/matklad.rust-analyzer-0.2.853/out/main.js:109:3922)
	at processTicksAndRejections (node:internal/process/task_queues:96:5)
	at async F0 (/home/guilherme/.vscode-oss/extensions/matklad.rust-analyzer-0.2.853/out/main.js:109:1881)
	at async O0 (/home/guilherme/.vscode-oss/extensions/matklad.rust-analyzer-0.2.853/out/main.js:108:3977)
	at async lC (/home/guilherme/.vscode-oss/extensions/matklad.rust-analyzer-0.2.853/out/main.js:108:3808)
	at async b._activate (/usr/lib/code/out/vs/workbench/api/node/extensionHostProcess.js:85:8180)
	at async b._waitForDepsThenActivate (/usr/lib/code/out/vs/workbench/api/node/extensionHostProcess.js:85:8122)
	at async b._initialize (/usr/lib/code/out/vs/workbench/api/node/extensionHostProcess.js:85:7486)]
